<?xml version="1.0" encoding="UTF-8"?>
<testng-results ignored="0" total="1" passed="1" failed="0" skipped="0">
  <reporter-output>
  </reporter-output>
  <suite started-at="2024-08-08T16:52:20 IST" name="Default suite" finished-at="2024-08-08T16:53:18 IST" duration-ms="58208">
    <groups>
    </groups>
    <test started-at="2024-08-08T16:52:20 IST" name="Default test" finished-at="2024-08-08T16:53:18 IST" duration-ms="58208">
      <class name="org.fireflink.socketio.scripts.VerifySocketIOProtocal_For_MultipleThreads">
        <test-method is-config="true" signature="preCondition()[pri:0, instance:org.fireflink.socketio.scripts.VerifySocketIOProtocal_For_MultipleThreads@13e344d]" started-at="2024-08-08T16:52:20 IST" name="preCondition" finished-at="2024-08-08T16:52:23 IST" duration-ms="3012" status="PASS">
          <reporter-output>
          </reporter-output>
        </test-method> <!-- preCondition -->
        <test-method signature="verifySocketIOProtocal_For_MultipleThreads()[pri:0, instance:org.fireflink.socketio.scripts.VerifySocketIOProtocal_For_MultipleThreads@13e344d]" started-at="2024-08-08T16:52:23 IST" name="verifySocketIOProtocal_For_MultipleThreads" finished-at="2024-08-08T16:53:07 IST" duration-ms="44388" status="PASS">
          <reporter-output>
          </reporter-output>
        </test-method> <!-- verifySocketIOProtocal_For_MultipleThreads -->
        <test-method is-config="true" signature="postCondition()[pri:0, instance:org.fireflink.socketio.scripts.VerifySocketIOProtocal_For_MultipleThreads@13e344d]" started-at="2024-08-08T16:53:07 IST" name="postCondition" finished-at="2024-08-08T16:53:18 IST" duration-ms="10767" status="PASS">
          <reporter-output>
          </reporter-output>
        </test-method> <!-- postCondition -->
      </class> <!-- org.fireflink.socketio.scripts.VerifySocketIOProtocal_For_MultipleThreads -->
    </test> <!-- Default test -->
  </suite> <!-- Default suite -->
</testng-results>
